waiting to take filesystem lock on D:\Documents\Code\C++\Libraries\vcpkg\.vcpkg-root...
Detecting compiler hash for triplet x64-windows...
-- Setting "HTTP_PROXY" environment variables to "localhost:7769".
-- Setting "HTTPS_PROXY" environment variables to "localhost:7769".
All requested packages are currently installed.
Restored 0 package(s) from C:\Users\mfong\AppData\Local\vcpkg\archives in 187.4 us. Use --debug to see more details.

Total elapsed time: 6.58 s

glad provides CMake targets:
    # this is heuristically generated, and may not be correct
    find_package(glad CONFIG REQUIRED)
    target_link_libraries(main PRIVATE glad::glad)

glfw3 provides CMake targets:
    # this is heuristically generated, and may not be correct
    find_package(glfw3 CONFIG REQUIRED)
    target_link_libraries(main PRIVATE glfw)

imgui provides CMake targets:
    # this is heuristically generated, and may not be correct
    find_package(imgui CONFIG REQUIRED)
    target_link_libraries(main PRIVATE imgui::imgui)

stb is header-only and can be used from CMake via:

    find_path(STB_INCLUDE_DIRS "stb_c_lexer.h")
    target_include_directories(main PRIVATE ${STB_INCLUDE_DIRS})

